<?xml version="1.0" encoding="UTF-8"?>
<testng-results skipped="0" failed="0" total="4" passed="4">
  <reporter-output>
  </reporter-output>
  <suite name="Default suite" duration-ms="12653" started-at="2015-04-21T11:08:36Z" finished-at="2015-04-21T11:08:49Z">
    <groups>
    </groups>
    <test name="Default test" duration-ms="12653" started-at="2015-04-21T11:08:36Z" finished-at="2015-04-21T11:08:49Z">
      <class name="com.example.tests.GroupCreationTests">
        <test-method status="PASS" signature="testEmptygroupCreation()[pri:0, instance:com.example.tests.GroupCreationTests@6a97e765]" name="testEmptygroupCreation" duration-ms="1627" started-at="2015-04-21T15:08:40Z" finished-at="2015-04-21T15:08:42Z">
          <reporter-output>
          </reporter-output>
        </test-method> <!-- testEmptygroupCreation -->
        <test-method status="PASS" signature="testNonEmptygroupCreation()[pri:0, instance:com.example.tests.GroupCreationTests@6a97e765]" name="testNonEmptygroupCreation" duration-ms="1643" started-at="2015-04-21T15:08:42Z" finished-at="2015-04-21T15:08:44Z">
          <reporter-output>
          </reporter-output>
        </test-method> <!-- testNonEmptygroupCreation -->
      </class> <!-- com.example.tests.GroupCreationTests -->
      <class name="com.example.tests.ContactCreationTests">
        <test-method status="PASS" signature="testNonEmptyContact()[pri:0, instance:com.example.tests.ContactCreationTests@117c323d]" name="testNonEmptyContact" duration-ms="2542" started-at="2015-04-21T15:08:44Z" finished-at="2015-04-21T15:08:46Z">
          <reporter-output>
          </reporter-output>
        </test-method> <!-- testNonEmptyContact -->
      </class> <!-- com.example.tests.ContactCreationTests -->
      <class name="com.example.tests.ContactCreationSomeFieldEmpty">
        <test-method status="PASS" signature="setUp()[pri:0, instance:com.example.tests.ContactCreationSomeFieldEmpty@8ae0e27]" name="setUp" is-config="true" duration-ms="4196" started-at="2015-04-21T15:08:36Z" finished-at="2015-04-21T15:08:40Z">
          <reporter-output>
          </reporter-output>
        </test-method> <!-- setUp -->
        <test-method status="PASS" signature="testEmptyContact()[pri:0, instance:com.example.tests.ContactCreationSomeFieldEmpty@8ae0e27]" name="testEmptyContact" duration-ms="2408" started-at="2015-04-21T15:08:46Z" finished-at="2015-04-21T15:08:49Z">
          <reporter-output>
          </reporter-output>
        </test-method> <!-- testEmptyContact -->
        <test-method status="PASS" signature="tearDown()[pri:0, instance:com.example.tests.ContactCreationSomeFieldEmpty@8ae0e27]" name="tearDown" is-config="true" duration-ms="212" started-at="2015-04-21T15:08:49Z" finished-at="2015-04-21T15:08:49Z">
          <reporter-output>
          </reporter-output>
        </test-method> <!-- tearDown -->
      </class> <!-- com.example.tests.ContactCreationSomeFieldEmpty -->
    </test> <!-- Default test -->
  </suite> <!-- Default suite -->
</testng-results>
