<?xml version="1.0" encoding="UTF-8"?>
<!-- Generated by org.testng.reporters.JUnitXMLReporter -->
<testsuite hostname="3-THINK" name="Default test" tests="4" failures="0" timestamp="21 Apr 2015 11:08:49 GMT" time="12.653" errors="0">
  <testcase name="testEmptygroupCreation" time="1.627" classname="com.example.tests.GroupCreationTests"/>
  <testcase name="testNonEmptygroupCreation" time="1.643" classname="com.example.tests.GroupCreationTests"/>
  <testcase name="testNonEmptyContact" time="2.542" classname="com.example.tests.ContactCreationTests"/>
  <testcase name="testEmptyContact" time="2.408" classname="com.example.tests.ContactCreationSomeFieldEmpty"/>
</testsuite> <!-- Default test -->
